Replace Part * LCD in C:\Users\marie\OneDrive\Documents\GitHub\practice-enterpirse\PCB_Practise_Enterprise\chip.SchDoc with LCD from lcd16x02_3V3.SchLib
Replace Part * Sensor in C:\Users\marie\OneDrive\Documents\GitHub\practice-enterpirse\PCB_Practise_Enterprise\chip.SchDoc with Sensor from sensor.SchLib
Replace Part B2 Batterijhouder in C:\Users\marie\OneDrive\Documents\GitHub\practice-enterpirse\PCB_Practise_Enterprise\chip.SchDoc with Batterijhouder from Batterijhouder2xAA.SchLib
Replace Part C? Condensator12pF in C:\Users\marie\OneDrive\Documents\GitHub\practice-enterpirse\PCB_Practise_Enterprise\chip.SchDoc with Condensator12pF from Condensatoren.SchLib
Replace Part C? Condensator 10ÁF in C:\Users\marie\OneDrive\Documents\GitHub\practice-enterpirse\PCB_Practise_Enterprise\chip.SchDoc with Condensator 10ÁF from Condensatoren.SchLib
Replace Part C? Condensator1ÁF in C:\Users\marie\OneDrive\Documents\GitHub\practice-enterpirse\PCB_Practise_Enterprise\chip.SchDoc with Condensator1ÁF from Condensatoren.SchLib
Replace Part C? Condensator1ÁF in C:\Users\marie\OneDrive\Documents\GitHub\practice-enterpirse\PCB_Practise_Enterprise\chip.SchDoc with Condensator1ÁF from Condensatoren.SchLib
Replace Part C? Condensator12pF in C:\Users\marie\OneDrive\Documents\GitHub\practice-enterpirse\PCB_Practise_Enterprise\chip.SchDoc with Condensator12pF from Condensatoren.SchLib
Replace Part C? Condensator0.1ÁF in C:\Users\marie\OneDrive\Documents\GitHub\practice-enterpirse\PCB_Practise_Enterprise\chip.SchDoc with Condensator0.1ÁF from Condensatoren.SchLib
Replace Part C? Condensator 10ÁF in C:\Users\marie\OneDrive\Documents\GitHub\practice-enterpirse\PCB_Practise_Enterprise\chip.SchDoc with Condensator 10ÁF from Condensatoren.SchLib
Replace Part C? Condensator0.1ÁF in C:\Users\marie\OneDrive\Documents\GitHub\practice-enterpirse\PCB_Practise_Enterprise\chip.SchDoc with Condensator0.1ÁF from Condensatoren.SchLib
Replace Part C? Condensator0.1ÁF in C:\Users\marie\OneDrive\Documents\GitHub\practice-enterpirse\PCB_Practise_Enterprise\chip.SchDoc with Condensator0.1ÁF from Condensatoren.SchLib
Replace Part C? Condensator0.1ÁF in C:\Users\marie\OneDrive\Documents\GitHub\practice-enterpirse\PCB_Practise_Enterprise\chip.SchDoc with Condensator0.1ÁF from Condensatoren.SchLib
Replace Part C? Condensator0.1ÁF in C:\Users\marie\OneDrive\Documents\GitHub\practice-enterpirse\PCB_Practise_Enterprise\chip.SchDoc with Condensator0.1ÁF from Condensatoren.SchLib
Replace Part D? Laser in C:\Users\marie\OneDrive\Documents\GitHub\practice-enterpirse\PCB_Practise_Enterprise\chip.SchDoc with Laser from laser.SchLib
Replace Part F? Fuse in C:\Users\marie\OneDrive\Documents\GitHub\practice-enterpirse\PCB_Practise_Enterprise\chip.SchDoc with Fuse from PPTCFuse.SchLib
Replace Part J3 USBConnector in C:\Users\marie\OneDrive\Documents\GitHub\practice-enterpirse\PCB_Practise_Enterprise\chip.SchDoc with USBConnector from USBCConnector.SchLib
Replace Part Q? n-mosfet in C:\Users\marie\OneDrive\Documents\GitHub\practice-enterpirse\PCB_Practise_Enterprise\chip.SchDoc with n-mosfet from mosfets.SchLib
Replace Part Q? p-mosfet in C:\Users\marie\OneDrive\Documents\GitHub\practice-enterpirse\PCB_Practise_Enterprise\chip.SchDoc with p-mosfet from mosfets.SchLib
Replace Part Q? p-mosfet in C:\Users\marie\OneDrive\Documents\GitHub\practice-enterpirse\PCB_Practise_Enterprise\chip.SchDoc with p-mosfet from mosfets.SchLib
Replace Part R? Resistor100kOhm in C:\Users\marie\OneDrive\Documents\GitHub\practice-enterpirse\PCB_Practise_Enterprise\chip.SchDoc with Resistor100kOhm from Resistoren.SchLib
Replace Part R? Resistor10kOhm in C:\Users\marie\OneDrive\Documents\GitHub\practice-enterpirse\PCB_Practise_Enterprise\chip.SchDoc with Resistor10kOhm from Resistoren.SchLib
Replace Part R? Resistor100kOhm in C:\Users\marie\OneDrive\Documents\GitHub\practice-enterpirse\PCB_Practise_Enterprise\chip.SchDoc with Resistor100kOhm from Resistoren.SchLib
Replace Part R? Resistor22Ohm in C:\Users\marie\OneDrive\Documents\GitHub\practice-enterpirse\PCB_Practise_Enterprise\chip.SchDoc with Resistor22Ohm from Resistoren.SchLib
Replace Part R? Resistor22Ohm in C:\Users\marie\OneDrive\Documents\GitHub\practice-enterpirse\PCB_Practise_Enterprise\chip.SchDoc with Resistor22Ohm from Resistoren.SchLib
Replace Part R? Resistor10kOhm in C:\Users\marie\OneDrive\Documents\GitHub\practice-enterpirse\PCB_Practise_Enterprise\chip.SchDoc with Resistor10kOhm from Resistoren.SchLib
Replace Part R? Resistor22Ohm in C:\Users\marie\OneDrive\Documents\GitHub\practice-enterpirse\PCB_Practise_Enterprise\chip.SchDoc with Resistor22Ohm from Resistoren.SchLib
Replace Part R? Resistor10kOhm in C:\Users\marie\OneDrive\Documents\GitHub\practice-enterpirse\PCB_Practise_Enterprise\chip.SchDoc with Resistor10kOhm from Resistoren.SchLib
Replace Part S1 Button in C:\Users\marie\OneDrive\Documents\GitHub\practice-enterpirse\PCB_Practise_Enterprise\chip.SchDoc with Button from Button.SchLib
Replace Part S2 Button in C:\Users\marie\OneDrive\Documents\GitHub\practice-enterpirse\PCB_Practise_Enterprise\chip.SchDoc with Button from Button.SchLib
Replace Part U3 SwitchingVoltageRegulator in C:\Users\marie\OneDrive\Documents\GitHub\practice-enterpirse\PCB_Practise_Enterprise\chip.SchDoc with SwitchingVoltageRegulator from BuckBoostInductorTPS63051RMWR.SchLib
Replace Part U4 ATmega32u4 in C:\Users\marie\OneDrive\Documents\GitHub\practice-enterpirse\PCB_Practise_Enterprise\chip.SchDoc with ATmega32u4 from ATmega32u4.SchLib
Replace Part X? XTAL in C:\Users\marie\OneDrive\Documents\GitHub\practice-enterpirse\PCB_Practise_Enterprise\chip.SchDoc with XTAL from XTAL_HC49SSDLF-8mHz..SchLib
