Removed Pin From Net: NetName=NetJ1_B5 Pin=J1-B5
Removed Pin From Net: NetName=NetC7_1 Pin=R1-1
Removed Pin From Net: NetName=GND Pin=R7-1
Removed Member From Class: ClassName=chip Member=R1
Added Component: Designator=B1(PCBComponent_1)
Added Component: Designator=Q1(FDN304P)
Added Component: Designator=R3(R0603X045M)
Added Component: Designator=R14(R1210X06M)
Added Component: Designator=SW1(BUTTON)
Added Component: Designator=SW2(BUTTON)
Added Component: Designator=SW3(BUTTON)
Added Component: Designator=SW4(BUTTON)
Add component: Footprint Not Found TQFP80P1200X1200X100_HS-45N
Add component: Footprint Not Found SON50P300X100_HS-11M
Add component: Footprint Not Found CAPC13550X20N
Add Pin To Net: Unknown Pin: Pin B1-1
Add Pin To Net: Unknown Pin: Pin B1-2
Add Pin To Net: Unknown Pin: Pin D1-1
Add Pin To Net: Unknown Pin: Pin D1-2
Add Pin To Net: Unknown Pin: Pin DS1-4
Add Pin To Net: Unknown Pin: Pin DS1-5
Add Pin To Net: Unknown Pin: Pin DS1-6
Add Pin To Net: Unknown Pin: Pin DS1-7
Added Pin To Net: NetName=GND Pin=J1-B1_A12
Added Pin To Net: NetName=GND Pin=J1-SH1
Add Pin To Net: Unknown Pin: Pin Q1-2
Added Pin To Net: NetName=GND Pin=Q2-1
Added Pin To Net: NetName=GND Pin=Q2-2
Added Pin To Net: NetName=GND Pin=R3-2
Added Pin To Net: NetName=NetC7_1 Pin=R4-2
Added Pin To Net: NetName=GND Pin=R7-2
Add Pin To Net: Unknown Pin: Pin SW1-1
Add Pin To Net: Unknown Pin: Pin SW1-4
Add Pin To Net: Unknown Pin: Pin SW2-2
Add Pin To Net: Unknown Pin: Pin SW2-3
Add Pin To Net: Unknown Pin: Pin SW3-1
Add Pin To Net: Unknown Pin: Pin SW4-1
Add Pin To Net: Unknown Pin: Pin U1-1
Add Pin To Net: Unknown Pin: Pin U1-5
Add Pin To Net: Unknown Pin: Pin U1-6
Add Pin To Net: Unknown Pin: Pin U1-14
Add Pin To Net: Unknown Pin: Pin U1-15
Add Pin To Net: Unknown Pin: Pin U1-16
Add Pin To Net: Unknown Pin: Pin U1-17
Add Pin To Net: Unknown Pin: Pin U1-18
Add Pin To Net: Unknown Pin: Pin U1-19
Add Pin To Net: Unknown Pin: Pin U1-20
Add Pin To Net: Unknown Pin: Pin U1-21
Add Pin To Net: Unknown Pin: Pin U1-23
Add Pin To Net: Unknown Pin: Pin U1-24
Add Pin To Net: Unknown Pin: Pin U1-32
Add Pin To Net: Unknown Pin: Pin U1-34
Add Pin To Net: Unknown Pin: Pin U1-35
Add Pin To Net: Unknown Pin: Pin U1-42
Add Pin To Net: Unknown Pin: Pin U1-43
Add Pin To Net: Unknown Pin: Pin U1-44
Add Pin To Net: Unknown Pin: Pin U2-1
Add Pin To Net: Unknown Pin: Pin U2-2
Add Pin To Net: Unknown Pin: Pin U2-3
Add Pin To Net: Unknown Pin: Pin U2-4
Add Pin To Net: Unknown Pin: Pin U2-5
Add Pin To Net: Unknown Pin: Pin U2-6
Add Pin To Net: Unknown Pin: Pin U3-1
Add Pin To Net: Unknown Pin: Pin U3-3
Add Pin To Net: Unknown Pin: Pin U3-4
Add Pin To Net: Unknown Pin: Pin U3-5
Add Pin To Net: Unknown Pin: Pin U3-6
Add Pin To Net: Unknown Pin: Pin U3-8
Add Pin To Net: Unknown Pin: Pin U3-9
Add Pin To Net: Unknown Pin: Pin X1-1
Add Pin To Net: Unknown Pin: Pin X1-2
Change Net Name : Old Net Name=NetC7_1 New Net Name=+3V3
Change Net Name : Old Net Name=NetJ1_B5 New Net Name=NetR10_2
Added Pin To Net: NetName=NetD2_1 Pin=D2-1
Added Pin To Net: NetName=NetD2_1 Pin=J1-A4_B9
Added Pin To Net: NetName=NetD2_1 Pin=J1-B4_A9
Added Net: Name=NetD2_1
Added Pin To Net: NetName=NetD2_2 Pin=D2-2
Added Pin To Net: NetName=NetD2_2 Pin=J2-3
Added Net: Name=NetD2_2
Added Pin To Net: NetName=NetJ1_A1_B12 Pin=J1-A1_B12
Added Net: Name=NetJ1_A1_B12
Add Net: Net with name "NetJ1_A1_B12" already exists
Added Pin To Net: NetName=NetJ2_1 Pin=J2-1
Added Net: Name=NetJ2_1
Added Pin To Net: NetName=NetQ1_1 Pin=R3-1
Added Net: Name=NetQ1_1
Added Pin To Net: NetName=NetQ2_3 Pin=Q2-3
Added Pin To Net: NetName=NetQ2_3 Pin=R5-1
Added Net: Name=NetQ2_3
Added Pin To Net: NetName=NetR7_1 Pin=R7-1
Added Net: Name=NetR7_1
Added Net: Name=NetSW3_4
Added Net: Name=NetSW4_4
Added Pin To Net: NetName=VBATT Pin=C11-2
Added Net: Name=VBATT
Added Member To Class: ClassName=randcomponenten Member=Component B1 Batterijhouder
Add Class Member: Failed to add class member : Component D1 Laser
Add Class Member: Failed to add class member : Component DS1 LCD
Added Member To Class: ClassName=randcomponenten Member=Component Q1 FDN304P
Added Member To Class: ClassName=randcomponenten Member=Component R1 Resistor10kOhm
Added Member To Class: ClassName=randcomponenten Member=Component R3 Resistor100kOhm
Added Member To Class: ClassName=randcomponenten Member=Component R14 Resistor10kOhm
Added Member To Class: ClassName=randcomponenten Member=Component SW1 Button
Added Member To Class: ClassName=randcomponenten Member=Component SW2 Button
Added Member To Class: ClassName=randcomponenten Member=Component SW3 Button
Added Member To Class: ClassName=randcomponenten Member=Component SW4 Button
Add Class Member: Failed to add class member : Component U1 ATmega32u4
Add Class Member: Failed to add class member : Component U2 Sensor
Add Class Member: Failed to add class member : Component U3 SwitchingVoltageRegulator
Add Class Member: Failed to add class member : Component X1 XTAL
Added Rule: Name=Schematic Supply Nets_2
