Change DesignItemId: Already changed
Change DesignItemId: Already changed
Change DesignItemId: Already changed
Change DesignItemId: Already changed
Change DesignItemId: Already changed
Change DesignItemId: Already changed
Change DesignItemId: Already changed
Change DesignItemId: Already changed
Change DesignItemId: Already changed
Change DesignItemId: Already changed
Change DesignItemId: Already changed
Change DesignItemId: Already changed
Change DesignItemId: Already changed
Change DesignItemId: Already changed
Change DesignItemId: Already changed
Change DesignItemId: Already changed
Change DesignItemId: Already changed
Change DesignItemId: Already changed
Change DesignItemId: Already changed
Change DesignItemId: Already changed
Change DesignItemId: Already changed
Change DesignItemId: Already changed
Change DesignItemId: Already changed
Change DesignItemId: Already changed
Change DesignItemId: Already changed
Change Description: Already changed
Change Description: Already changed
Add Net: Net with name "NetJ1_A1" already exists
Add Net: Net with name "NetJ1_A8" already exists
Add Net: Net with name "NetJ1_B5" already exists
Add Net: Net with name "NetJ1_B8" already exists
Add Net: Net with name "NetJ1_B12" already exists
Added Rule: Name=Schematic Supply Nets_3
Added Rule: Name=Schematic Supply Nets_4
Added Rule: Name=Schematic Supply Nets_5
