Removed Pin From Net: NetName=GND Pin=C3-1
Removed Pin From Net: NetName=NetC2_1 Pin=C3-2
Removed Pin From Net: NetName=+3V3 Pin=C7-1
Removed Pin From Net: NetName=GND Pin=C7-2
Removed Pin From Net: NetName=VBATT Pin=Q1-D2
Removed Pin From Net: NetName=NetF1_2 Pin=Q1-S3
Removed Pin From Net: NetName=NetJ1_A7 Pin=R8-1
Removed Pin From Net: NetName=NetR10_2 Pin=R11-2
Removed Pin From Net: NetName=NetR10_2 Pin=R12-2
Removed Pin From Net: NetName=NetC2_1 Pin=U1-16
Removed Pin From Net: NetName=NetC2_1 Pin=X1-2
Change Component Comment : Designator=X1 Old Comment=XTAL_8MHz New Comment=HC49SSDLF
Added Component: Designator=C12(CAP_1uF)
Added Pin To Net: NetName=GND Pin=C2-2
Added Pin To Net: NetName=GND Pin=C3-2
Added Pin To Net: NetName=+3V3 Pin=C4-1
Added Pin To Net: NetName=+3V3 Pin=C5-1
Added Pin To Net: NetName=+3V3 Pin=C6-1
Added Pin To Net: NetName=GND Pin=C7-1
Added Pin To Net: NetName=+3V3 Pin=C7-2
Added Pin To Net: NetName=GND Pin=C12-1
Added Pin To Net: NetName=NetF1_2 Pin=Q1-D2
Added Pin To Net: NetName=VBATT Pin=Q1-S3
Added Pin To Net: NetName=NetJ1_A7 Pin=R8-2
Added Pin To Net: NetName=+3V3 Pin=U1-14
Added Pin To Net: NetName=NetC2_1 Pin=U1-17
Added Pin To Net: NetName=+3V3 Pin=U1-24
Added Pin To Net: NetName=+3V3 Pin=U1-34
Added Pin To Net: NetName=GND Pin=X1-1
Change Net Name : Old Net Name=+3V3 New Net Name=PINH_Vout
Change Net Name : Old Net Name=NetD1_2 New Net Name=PINH_SDiode
Change Net Name : Old Net Name=VBATT New Net Name=PINH_SVR
Added Pin To Net: NetName=NetC3_1 Pin=C3-1
Added Pin To Net: NetName=NetC3_1 Pin=U1-16
Added Pin To Net: NetName=NetC3_1 Pin=X1-2
Added Net: Name=NetC3_1
Added Pin To Net: NetName=NetC12_2 Pin=C12-2
Added Pin To Net: NetName=NetC12_2 Pin=U1-6
Added Net: Name=NetC12_2
Added Pin To Net: NetName=NetR8_1 Pin=R8-1
Added Pin To Net: NetName=NetR8_1 Pin=U1-3
Added Net: Name=NetR8_1
Added Pin To Net: NetName=NetR11_2 Pin=R11-2
Added Pin To Net: NetName=NetR11_2 Pin=R12-2
Added Net: Name=NetR11_2
Added Member To Class: ClassName=chip Member=Component C12 CAP_1uF
Added Rule: Name=Schematic Supply Nets
Added Rule: Name=Schematic Supply Nets_1
