Added Component: Designator=J1(USBC)
Added Pin To Net: NetName=GND Pin=J1-A1_B12
Added Pin To Net: NetName=NetD1_1 Pin=J1-A4_B9
Added Pin To Net: NetName=NetJ1_A5 Pin=J1-A5
Added Pin To Net: NetName=D_P Pin=J1-A6
Added Pin To Net: NetName=D_N Pin=J1-A7
Added Pin To Net: NetName=NetJ1_A8 Pin=J1-A8
Added Pin To Net: NetName=GND Pin=J1-B1_A12
Added Pin To Net: NetName=NetD1_1 Pin=J1-B4_A9
Added Pin To Net: NetName=NetJ1_B5 Pin=J1-B5
Added Pin To Net: NetName=D_P Pin=J1-B6
Added Pin To Net: NetName=D_N Pin=J1-B7
Added Pin To Net: NetName=NetJ1_B8 Pin=J1-B8
Added Pin To Net: NetName=GND Pin=J1-SH1
Added Pin To Net: NetName=GND Pin=J1-SH1
Added Pin To Net: NetName=GND Pin=J1-SH1
Added Pin To Net: NetName=GND Pin=J1-SH1
Add Net: Net with name "D_N" already exists
Add Net: Net with name "D_P" already exists
Added Member To Class: ClassName=randcomponenten Member=Component J1 USBConnector
