Change Component DesignItemId : Designator=C8 Old DesignItemId=885012206126 New DesignItemId=CAP_1uF
Change Component DesignItemId : Designator=C10 Old DesignItemId=885012206126 New DesignItemId=CAP_1uF
Change Component DesignItemId : Designator=C1 Old DesignItemId=Condensator0.1湩 New DesignItemId=CAP_100nF
Change Component DesignItemId : Designator=C4 Old DesignItemId=Condensator0.1湩 New DesignItemId=CAP_100nF
Change Component DesignItemId : Designator=C5 Old DesignItemId=Condensator0.1湩 New DesignItemId=CAP_100nF
Change Component DesignItemId : Designator=C6 Old DesignItemId=Condensator0.1湩 New DesignItemId=CAP_100nF
Change Component DesignItemId : Designator=C7 Old DesignItemId=Condensator0.1湩 New DesignItemId=CAP_100nF
Change Component DesignItemId : Designator=C2 Old DesignItemId=Condensator12pF New DesignItemId=CAP_18pF
Change Component DesignItemId : Designator=C3 Old DesignItemId=Condensator12pF New DesignItemId=CAP_18pF
Change Component DesignItemId : Designator=C9 Old DesignItemId=Condensator 10湩 New DesignItemId=CAP_10uF
Change Component DesignItemId : Designator=C11 Old DesignItemId=Condensator 10湩 New DesignItemId=CAP_10uF
Change Component DesignItemId : Designator=R1 Old DesignItemId=Resistor10kOhm New DesignItemId=RES_10KR
Change Component DesignItemId : Designator=R2 Old DesignItemId=Resistor10kOhm New DesignItemId=RES_10KR
Change Component DesignItemId : Designator=R4 Old DesignItemId=Resistor10kOhm New DesignItemId=RES_10KR
Change Component DesignItemId : Designator=R6 Old DesignItemId=Resistor10kOhm New DesignItemId=RES_10KR
Change Component DesignItemId : Designator=R7 Old DesignItemId=Resistor10kOhm New DesignItemId=RES_10KR
Change Component DesignItemId : Designator=R9 Old DesignItemId=Resistor10kOhm New DesignItemId=RES_10KR
Change Component DesignItemId : Designator=R11 Old DesignItemId=Resistor10kOhm New DesignItemId=RES_10KR
Change Component DesignItemId : Designator=R12 Old DesignItemId=Resistor10kOhm New DesignItemId=RES_10KR
Change Component DesignItemId : Designator=R13 Old DesignItemId=Resistor10kOhm New DesignItemId=RES_10KR
Change Component DesignItemId : Designator=R14 Old DesignItemId=Resistor10kOhm New DesignItemId=RES_10KR
Change Component DesignItemId : Designator=R5 Old DesignItemId=Resistor22Ohm New DesignItemId=RES_22R
Change Component DesignItemId : Designator=R8 Old DesignItemId=Resistor22Ohm New DesignItemId=RES_22R
Change Component DesignItemId : Designator=R10 Old DesignItemId=Resistor22Ohm New DesignItemId=RES_22R
Change Component DesignItemId : Designator=R3 Old DesignItemId=Resistor100kOhm New DesignItemId=RES_100KR
Change Component Footprint: Designator=C8 Old Footprint=CAPC0603X8M New Footprint=CAP_1uF
Change Component Footprint: Designator=C10 Old Footprint=CAPC0603X8M New Footprint=CAP_1uF
Change Component Footprint: Designator=C9 Old Footprint=CAPC0603X035M New Footprint=CAP_10uF
Change Component Footprint: Designator=C11 Old Footprint=CAPC0603X035M New Footprint=CAP_10uF
Change Component Footprint: Designator=C2 Old Footprint=CAPC1210X14M New Footprint=CAP_18pF
Change Component Footprint: Designator=C3 Old Footprint=CAPC1210X14M New Footprint=CAP_18pF
Change Component Footprint: Designator=C1 Old Footprint=CAPC1210X70M New Footprint=CAP_100nF
Change Component Footprint: Designator=C4 Old Footprint=CAPC1210X70M New Footprint=CAP_100nF
Change Component Footprint: Designator=C5 Old Footprint=CAPC1210X70M New Footprint=CAP_100nF
Change Component Footprint: Designator=C6 Old Footprint=CAPC1210X70M New Footprint=CAP_100nF
Change Component Footprint: Designator=C7 Old Footprint=CAPC1210X70M New Footprint=CAP_100nF
Change Component Footprint: Designator=R3 Old Footprint=R0603X045M New Footprint=RES_100KR
Change Component Footprint: Designator=R5 Old Footprint=R0805X045M New Footprint=RES_22R
Change Component Footprint: Designator=R8 Old Footprint=R0805X045M New Footprint=RES_22R
Change Component Footprint: Designator=R10 Old Footprint=R0805X045M New Footprint=RES_22R
Change Component Footprint: Designator=R1 Old Footprint=R1210X06M New Footprint=RES_10KR
Change Component Footprint: Designator=R2 Old Footprint=R1210X06M New Footprint=RES_10KR
Change Component Footprint: Designator=R4 Old Footprint=R1210X06M New Footprint=RES_10KR
Change Component Footprint: Designator=R6 Old Footprint=R1210X06M New Footprint=RES_10KR
Change Component Footprint: Designator=R7 Old Footprint=R1210X06M New Footprint=RES_10KR
Change Component Footprint: Designator=R9 Old Footprint=R1210X06M New Footprint=RES_10KR
Change Component Footprint: Designator=R11 Old Footprint=R1210X06M New Footprint=RES_10KR
Change Component Footprint: Designator=R12 Old Footprint=R1210X06M New Footprint=RES_10KR
Change Component Footprint: Designator=R13 Old Footprint=R1210X06M New Footprint=RES_10KR
Change Component Footprint: Designator=R14 Old Footprint=R1210X06M New Footprint=RES_10KR
Change Component Comment : Designator=C1 Old Comment=0.1湩 New Comment=CAP_100nF
Change Component Comment : Designator=C4 Old Comment=0.1湩 New Comment=CAP_100nF
Change Component Comment : Designator=C5 Old Comment=0.1湩 New Comment=CAP_100nF
Change Component Comment : Designator=C6 Old Comment=0.1湩 New Comment=CAP_100nF
Change Component Comment : Designator=C7 Old Comment=0.1湩 New Comment=CAP_100nF
Change Component Comment : Designator=C8 Old Comment=1湩 New Comment=CAP_1uF
Change Component Comment : Designator=C10 Old Comment=1湩 New Comment=CAP_1uF
Change Component Comment : Designator=C9 Old Comment=10湩 New Comment=CAP_10uF
Change Component Comment : Designator=C11 Old Comment=10湩 New Comment=CAP_10uF
Change Component Comment : Designator=R2 Old Comment=10k New Comment=RES_10KR
Change Component Comment : Designator=R1 Old Comment=10kOhm New Comment=RES_10KR
Change Component Comment : Designator=R4 Old Comment=10kOhm New Comment=RES_10KR
Change Component Comment : Designator=R6 Old Comment=10kOhm New Comment=RES_10KR
Change Component Comment : Designator=R7 Old Comment=10kOhm New Comment=RES_10KR
Change Component Comment : Designator=R9 Old Comment=10kOhm New Comment=RES_10KR
Change Component Comment : Designator=R11 Old Comment=10kOhm New Comment=RES_10KR
Change Component Comment : Designator=R12 Old Comment=10kOhm New Comment=RES_10KR
Change Component Comment : Designator=R13 Old Comment=10kOhm New Comment=RES_10KR
Change Component Comment : Designator=R14 Old Comment=10kOhm New Comment=RES_10KR
Change Component Comment : Designator=C2 Old Comment=12pF New Comment=CAP_18pF
Change Component Comment : Designator=C3 Old Comment=12pF New Comment=CAP_18pF
Change Component Comment : Designator=R5 Old Comment=22Ohm New Comment=RES_22R
Change Component Comment : Designator=R8 Old Comment=22Ohm New Comment=RES_22R
Change Component Comment : Designator=R10 Old Comment=22Ohm New Comment=RES_22R
Change Component Comment : Designator=R3 Old Comment=100kOhm New Comment=RES_100KR
Change Component Description : Designator=C8 Old Description=Condensator1湩 New Description=
Change Component Description : Designator=C10 Old Description=Condensator1湩 New Description=
Added Pin To Net: NetName=NetJ1_A1 Pin=J1-A1
Added Net: Name=NetJ1_A1
Added Pin To Net: NetName=NetJ1_A8 Pin=J1-A8
Added Net: Name=NetJ1_A8
Added Pin To Net: NetName=NetJ1_B5 Pin=J1-B5
Added Net: Name=NetJ1_B5
Added Pin To Net: NetName=NetJ1_B8 Pin=J1-B8
Added Net: Name=NetJ1_B8
Added Pin To Net: NetName=NetJ1_B12 Pin=J1-B12
Added Net: Name=NetJ1_B12
Added Rule: Name=Schematic Supply Nets
Added Rule: Name=Schematic Supply Nets_1
Added Rule: Name=Schematic Supply Nets_2
