Added Component: Designator=B1(BATTERIJHOUDER)
Added Component: Designator=C1(CAP_100nF)
Added Component: Designator=C2(CAP_18pF)
Added Component: Designator=C3(CAP_18pF)
Added Component: Designator=C4(CAP_100nF)
Added Component: Designator=C5(CAP_100nF)
Added Component: Designator=C6(CAP_100nF)
Added Component: Designator=C7(CAP_100nF)
Added Component: Designator=C8(CAP_1uF)
Added Component: Designator=C9(CAP_10uF)
Added Component: Designator=C10(CAP_1uF)
Added Component: Designator=C11(CAP_10uF)
Add component: Footprint Not Found SDIODSMA1810X1M
Added Component: Designator=DS1(LCD3V3)
Added Component: Designator=F1(RESC4632X15M)
Added Component: Designator=J1(PCBComponent_1)
Added Component: Designator=J2(FP-NRPN031PAEN-RC-MFG)
Add component (AddParameter): Name = "Automotive"; Value = "No"; VariantName = "[No Variations]"
Add component (AddParameter): Name = "Category"; Value = "Conn"; VariantName = "[No Variations]"
Add component (AddParameter): Name = "ComponentLink2Description"; Value = "Datasheet"; VariantName = "[No Variations]"
Add component (AddParameter): Name = "ComponentLink2URL"; Value = "https://drawings-pdf.s3.amazonaws.com/10531.pdf"; VariantName = "[No Variations]"
Add component (AddParameter): Name = "Conn Gender"; Value = "Male"; VariantName = "[No Variations]"
Add component (AddParameter): Name = "Conn Orientation"; Value = "Straight"; VariantName = "[No Variations]"
Add component (AddParameter): Name = "Contact Material"; Value = "Gold,Nickel"; VariantName = "[No Variations]"
Add component (AddParameter): Name = "Current Rating"; Value = "2A"; VariantName = "[No Variations]"
Add component (AddParameter): Name = "Device Class L1"; Value = "Connectors"; VariantName = "[No Variations]"
Add component (AddParameter): Name = "Device Class L2"; Value = "Headers and Wire Housings"; VariantName = "[No Variations]"
Add component (AddParameter): Name = "Device Class L3"; Value = "unset"; VariantName = "[No Variations]"
Add component (AddParameter): Name = "Digikey Description"; Value = "CONN HEADER VERT 3POS 2MM"; VariantName = "[No Variations]"
Add component (AddParameter): Name = "Height"; Value = "6mm"; VariantName = "[No Variations]"
Add component (AddParameter): Name = "Lead Free"; Value = "Yes"; VariantName = "[No Variations]"
Add component (AddParameter): Name = "Manufacturer"; Value = "Sullins"; VariantName = "[No Variations]"
Add component (AddParameter): Name = "Manufacturer Part Number"; Value = "NRPN031PAEN-RC"; VariantName = "[No Variations]"
Add component (AddParameter): Name = "Number Of Contacts"; Value = "3"; VariantName = "[No Variations]"
Add component (AddParameter): Name = "Number Of Rows"; Value = "1"; VariantName = "[No Variations]"
Add component (AddParameter): Name = "Octopart"; Value = "https://octopart.com/nrpn031paen-rc-sullins-12817732"; VariantName = "[No Variations]"
Add component (AddParameter): Name = "Package"; Value = "0"; VariantName = "[No Variations]"
Add component (AddParameter): Name = "Pitch"; Value = "2mm"; VariantName = "[No Variations]"
Add component (AddParameter): Name = "RoHS"; Value = "TRUE"; VariantName = "[No Variations]"
Add component (AddParameter): Name = "Temperature"; Value = "-40°C to +105°C"; VariantName = "[No Variations]"
Add component (AddParameter): Name = "Temperature Range High"; Value = "+105°C"; VariantName = "[No Variations]"
Add component (AddParameter): Name = "Temperature Range Low"; Value = "-40°C"; VariantName = "[No Variations]"
Add component (AddParameter): Name = "Voltage Rating"; Value = "150V"; VariantName = "[No Variations]"
Added Component: Designator=LD1(laser)
Added Component: Designator=Q1(FDN304P)
Added Component: Designator=Q2(DMN2056U-7)
Added Component: Designator=R1(RES_10KR)
Added Component: Designator=R2(RES_10KR)
Added Component: Designator=R3(RES_100KR)
Added Component: Designator=R4(RES_10KR)
Added Component: Designator=R5(RES_22R)
Added Component: Designator=R6(RES_10KR)
Added Component: Designator=R7(RES_10KR)
Added Component: Designator=R8(RES_22R)
Added Component: Designator=R9(RES_10KR)
Added Component: Designator=R10(RES_22R)
Added Component: Designator=R11(RES_10KR)
Added Component: Designator=R12(RES_10KR)
Added Component: Designator=R13(RES_10KR)
Added Component: Designator=R14(RES_10KR)
Added Component: Designator=SW1(BUTTON)
Added Component: Designator=SW2(BUTTON)
Added Component: Designator=SW3(BUTTON)
Added Component: Designator=SW4(BUTTON)
Added Component: Designator=U1(Atmega32u4)
Added Component: Designator=U2(Vl53l1x)
Added Component: Designator=U3(MCP1256T)
Added Component: Designator=X1(Xtal_HC49SSDLF)
Added Pin To Net: NetName=NetB1_1 Pin=B1-1
Added Pin To Net: NetName=GND Pin=B1-2
Added Pin To Net: NetName=NetC1_1 Pin=C1-1
Added Pin To Net: NetName=GND Pin=C1-2
Added Pin To Net: NetName=NetC2_1 Pin=C2-1
Added Pin To Net: NetName=NetC2_2 Pin=C2-2
Added Pin To Net: NetName=GND Pin=C3-1
Added Pin To Net: NetName=NetC2_1 Pin=C3-2
Added Pin To Net: NetName=NetC4_1 Pin=C4-1
Added Pin To Net: NetName=GND Pin=C4-2
Added Pin To Net: NetName=NetC5_1 Pin=C5-1
Added Pin To Net: NetName=GND Pin=C5-2
Added Pin To Net: NetName=NetC6_1 Pin=C6-1
Added Pin To Net: NetName=GND Pin=C6-2
Added Pin To Net: NetName=+3V3 Pin=C7-1
Added Pin To Net: NetName=GND Pin=C7-2
Added Pin To Net: NetName=NetC8_1 Pin=C8-1
Added Pin To Net: NetName=NetC8_2 Pin=C8-2
Added Pin To Net: NetName=GND Pin=C9-1
Added Pin To Net: NetName=+3V3 Pin=C9-2
Added Pin To Net: NetName=NetC10_1 Pin=C10-1
Added Pin To Net: NetName=NetC10_2 Pin=C10-2
Added Pin To Net: NetName=GND Pin=C11-1
Added Pin To Net: NetName=VBATT Pin=C11-2
Add Pin To Net: Unknown Pin: Pin D1-1
Add Pin To Net: Unknown Pin: Pin D1-2
Added Pin To Net: NetName=NetDS1_1 Pin=DS1-1
Added Pin To Net: NetName=NetDS1_2 Pin=DS1-2
Added Pin To Net: NetName=+3V3 Pin=DS1-3
Added Pin To Net: NetName=GND Pin=DS1-4
Added Pin To Net: NetName=NetB1_1 Pin=F1-1
Added Pin To Net: NetName=NetF1_2 Pin=F1-2
Added Pin To Net: NetName=NetJ1_A1 Pin=J1-A1
Added Pin To Net: NetName=NetD1_1 Pin=J1-A4
Added Pin To Net: NetName=NetJ1_A5 Pin=J1-A5
Added Pin To Net: NetName=NetJ1_A6 Pin=J1-A6
Added Pin To Net: NetName=NetJ1_A7 Pin=J1-A7
Added Pin To Net: NetName=NetJ1_A8 Pin=J1-A8
Added Pin To Net: NetName=NetD1_1 Pin=J1-A9
Added Pin To Net: NetName=GND Pin=J1-A12
Added Pin To Net: NetName=GND Pin=J1-B1
Added Pin To Net: NetName=NetD1_1 Pin=J1-B4
Added Pin To Net: NetName=NetJ1_B5 Pin=J1-B5
Added Pin To Net: NetName=NetJ1_A6 Pin=J1-B6
Added Pin To Net: NetName=NetJ1_A7 Pin=J1-B7
Added Pin To Net: NetName=NetJ1_B8 Pin=J1-B8
Added Pin To Net: NetName=NetD1_1 Pin=J1-B9
Added Pin To Net: NetName=NetJ1_B12 Pin=J1-B12
Added Pin To Net: NetName=GND Pin=J1-SH1
Added Pin To Net: NetName=GND Pin=J1-SH1
Added Pin To Net: NetName=GND Pin=J1-SH1
Added Pin To Net: NetName=GND Pin=J1-SH1
Added Pin To Net: NetName=VBATT Pin=J2-1
Added Pin To Net: NetName=+3V3 Pin=J2-2
Added Pin To Net: NetName=NetD1_2 Pin=J2-3
Added Pin To Net: NetName=+3V3 Pin=LD1-1
Added Pin To Net: NetName=NetLD1_2 Pin=LD1-2
Added Pin To Net: NetName=VBATT Pin=Q1-D2
Added Pin To Net: NetName=NetQ1_G1 Pin=Q1-G1
Added Pin To Net: NetName=NetF1_2 Pin=Q1-S3
Added Pin To Net: NetName=NetQ2_D2 Pin=Q2-D2
Added Pin To Net: NetName=GND Pin=Q2-G1
Added Pin To Net: NetName=GND Pin=Q2-S3
Added Pin To Net: NetName=NetR2_1 Pin=R2-1
Added Pin To Net: NetName=+3V3 Pin=R2-2
Added Pin To Net: NetName=NetQ1_G1 Pin=R3-1
Added Pin To Net: NetName=GND Pin=R3-2
Added Pin To Net: NetName=NetR4_1 Pin=R4-1
Added Pin To Net: NetName=+3V3 Pin=R4-2
Added Pin To Net: NetName=NetQ2_D2 Pin=R5-1
Added Pin To Net: NetName=NetLD1_2 Pin=R5-2
Added Pin To Net: NetName=GND Pin=R6-1
Added Pin To Net: NetName=NetJ1_A5 Pin=R6-2
Added Pin To Net: NetName=NetR7_1 Pin=R7-1
Added Pin To Net: NetName=GND Pin=R7-2
Added Pin To Net: NetName=NetJ1_A7 Pin=R8-1
Added Pin To Net: NetName=NetR8_2 Pin=R8-2
Added Pin To Net: NetName=GND Pin=R9-1
Added Pin To Net: NetName=NetJ1_A5 Pin=R9-2
Added Pin To Net: NetName=NetJ1_A6 Pin=R10-1
Added Pin To Net: NetName=NetR10_2 Pin=R10-2
Added Pin To Net: NetName=GND Pin=R11-1
Added Pin To Net: NetName=NetR10_2 Pin=R11-2
Added Pin To Net: NetName=GND Pin=R12-1
Added Pin To Net: NetName=NetR10_2 Pin=R12-2
Added Pin To Net: NetName=NetR14_1 Pin=R14-1
Added Pin To Net: NetName=GND Pin=SW1-1
Added Pin To Net: NetName=NetSW1_4 Pin=SW1-4
Added Pin To Net: NetName=NetR4_1 Pin=SW2-2
Added Pin To Net: NetName=GND Pin=SW2-3
Added Pin To Net: NetName=GND Pin=SW3-1
Added Pin To Net: NetName=NetR14_1 Pin=SW3-4
Added Pin To Net: NetName=GND Pin=SW4-1
Added Pin To Net: NetName=NetSW4_4 Pin=SW4-4
Added Pin To Net: NetName=NetSW4_4 Pin=U1-1
Added Pin To Net: NetName=NetR8_2 Pin=U1-3
Added Pin To Net: NetName=NetR10_2 Pin=U1-4
Added Pin To Net: NetName=GND Pin=U1-5
Added Pin To Net: NetName=NetC6_1 Pin=U1-6
Added Pin To Net: NetName=NetR14_1 Pin=U1-13
Added Pin To Net: NetName=NetC4_1 Pin=U1-14
Added Pin To Net: NetName=GND Pin=U1-15
Added Pin To Net: NetName=NetC2_1 Pin=U1-16
Added Pin To Net: NetName=NetC2_2 Pin=U1-17
Added Pin To Net: NetName=NetDS1_1 Pin=U1-18
Added Pin To Net: NetName=NetDS1_2 Pin=U1-19
Added Pin To Net: NetName=NetU1_20 Pin=U1-20
Added Pin To Net: NetName=NetU1_21 Pin=U1-21
Added Pin To Net: NetName=GND Pin=U1-23
Added Pin To Net: NetName=NetC6_1 Pin=U1-24
Added Pin To Net: NetName=NetR7_1 Pin=U1-25
Added Pin To Net: NetName=NetR4_1 Pin=U1-32
Added Pin To Net: NetName=NetSW1_4 Pin=U1-33
Added Pin To Net: NetName=NetC5_1 Pin=U1-34
Added Pin To Net: NetName=GND Pin=U1-35
Added Pin To Net: NetName=NetC1_1 Pin=U1-42
Added Pin To Net: NetName=GND Pin=U1-43
Added Pin To Net: NetName=+3V3 Pin=U1-44
Added Pin To Net: NetName=+3V3 Pin=U2-1
Added Pin To Net: NetName=GND Pin=U2-2
Added Pin To Net: NetName=NetDS1_1 Pin=U2-3
Added Pin To Net: NetName=NetDS1_2 Pin=U2-4
Added Pin To Net: NetName=NetU1_20 Pin=U2-5
Added Pin To Net: NetName=NetU1_21 Pin=U2-6
Added Pin To Net: NetName=NetR2_1 Pin=U3-1
Added Pin To Net: NetName=NetC8_2 Pin=U3-3
Added Pin To Net: NetName=NetC10_1 Pin=U3-4
Added Pin To Net: NetName=+3V3 Pin=U3-5
Added Pin To Net: NetName=NetC8_1 Pin=U3-6
Added Pin To Net: NetName=VBATT Pin=U3-7
Added Pin To Net: NetName=NetC10_2 Pin=U3-8
Added Pin To Net: NetName=GND Pin=U3-9
Added Pin To Net: NetName=VBATT Pin=U3-10
Added Pin To Net: NetName=NetC2_2 Pin=X1-1
Added Pin To Net: NetName=NetC2_1 Pin=X1-2
Added Member To Class: ClassName=randcomponenten Member=Component B1 2xAA
Added Member To Class: ClassName=chip Member=Component C1 CAP_100nF
Added Member To Class: ClassName=chip Member=Component C2 CAP_18pF
Added Member To Class: ClassName=chip Member=Component C3 CAP_18pF
Added Member To Class: ClassName=chip Member=Component C4 CAP_100nF
Added Member To Class: ClassName=chip Member=Component C5 CAP_100nF
Added Member To Class: ClassName=chip Member=Component C6 CAP_100nF
Added Member To Class: ClassName=chip Member=Component C7 CAP_100nF
Added Member To Class: ClassName=randcomponenten Member=Component C8 CAP_1uF
Added Member To Class: ClassName=randcomponenten Member=Component C9 CAP_10uF
Added Member To Class: ClassName=randcomponenten Member=Component C10 CAP_1uF
Added Member To Class: ClassName=randcomponenten Member=Component C11 CAP_10uF
Add Class Member: Failed to add class member : Component D1
Added Member To Class: ClassName=randcomponenten Member=Component DS1 LCD
Added Member To Class: ClassName=randcomponenten Member=Component F1 MINIASMDC075F/33-2
Added Member To Class: ClassName=randcomponenten Member=Component J1 USBConnector
Added Member To Class: ClassName=randcomponenten Member=Component J2 NRPN031PAEN-RC
Added Member To Class: ClassName=randcomponenten Member=Component LD1 Laser
Added Member To Class: ClassName=randcomponenten Member=Component Q1 FDN304P
Added Member To Class: ClassName=randcomponenten Member=Component Q2 DMN2056U7
Added Member To Class: ClassName=randcomponenten Member=Component R1 RES_10KR
Added Member To Class: ClassName=randcomponenten Member=Component R2 RES_10KR
Added Member To Class: ClassName=randcomponenten Member=Component R3 RES_100KR
Added Member To Class: ClassName=randcomponenten Member=Component R4 RES_10KR
Added Member To Class: ClassName=randcomponenten Member=Component R5 RES_22R
Added Member To Class: ClassName=randcomponenten Member=Component R6 RES_10KR
Added Member To Class: ClassName=randcomponenten Member=Component R7 RES_10KR
Added Member To Class: ClassName=randcomponenten Member=Component R8 RES_22R
Added Member To Class: ClassName=randcomponenten Member=Component R9 RES_10KR
Added Member To Class: ClassName=randcomponenten Member=Component R10 RES_22R
Added Member To Class: ClassName=randcomponenten Member=Component R11 RES_10KR
Added Member To Class: ClassName=randcomponenten Member=Component R12 RES_10KR
Added Member To Class: ClassName=randcomponenten Member=Component R13 RES_10KR
Added Member To Class: ClassName=randcomponenten Member=Component R14 RES_10KR
Added Member To Class: ClassName=randcomponenten Member=Component SW1 Button
Added Member To Class: ClassName=randcomponenten Member=Component SW2 Button
Added Member To Class: ClassName=randcomponenten Member=Component SW3 Button
Added Member To Class: ClassName=randcomponenten Member=Component SW4 Button
Added Member To Class: ClassName=chip Member=Component U1 ATmega32u4
Added Member To Class: ClassName=randcomponenten Member=Component U2 Sensor
Added Member To Class: ClassName=randcomponenten Member=Component U3 MCP1256T
Added Member To Class: ClassName=chip Member=Component X1 XTAL_8MHz
