Replace Part *1 LCD in C:\Users\marie\OneDrive\Documents\GitHub\practice-enterpirse\PCB_Practise_Enterprise\randcomponenten.SchDoc with LCD from lcd16x02_3V3.SchLib
Replace Part *2 Sensor in C:\Users\marie\OneDrive\Documents\GitHub\practice-enterpirse\PCB_Practise_Enterprise\randcomponenten.SchDoc with Sensor from sensor.SchLib
Replace Part B1 Batterijhouder in C:\Users\marie\OneDrive\Documents\GitHub\practice-enterpirse\PCB_Practise_Enterprise\randcomponenten.SchDoc with Batterijhouder from Batterijhouder2xAA.SchLib
Replace Part C8 Condensator1µF in C:\Users\marie\OneDrive\Documents\GitHub\practice-enterpirse\PCB_Practise_Enterprise\randcomponenten.SchDoc with Condensator1µF from Condensatoren.SchLib
Replace Part C9 Condensator 10µF in C:\Users\marie\OneDrive\Documents\GitHub\practice-enterpirse\PCB_Practise_Enterprise\randcomponenten.SchDoc with Condensator 10µF from Condensatoren.SchLib
Replace Part C10 Condensator1µF in C:\Users\marie\OneDrive\Documents\GitHub\practice-enterpirse\PCB_Practise_Enterprise\randcomponenten.SchDoc with Condensator1µF from Condensatoren.SchLib
Replace Part C11 Condensator 10µF in C:\Users\marie\OneDrive\Documents\GitHub\practice-enterpirse\PCB_Practise_Enterprise\randcomponenten.SchDoc with Condensator 10µF from Condensatoren.SchLib
Replace Part D1 Laser in C:\Users\marie\OneDrive\Documents\GitHub\practice-enterpirse\PCB_Practise_Enterprise\randcomponenten.SchDoc with Laser from laser.SchLib
Replace Part D2 SchottkyDiode in C:\Users\marie\OneDrive\Documents\GitHub\practice-enterpirse\PCB_Practise_Enterprise\randcomponenten.SchDoc with SchottkyDiode from Diodes.SchLib
Replace Part F1 Fuse in C:\Users\marie\OneDrive\Documents\GitHub\practice-enterpirse\PCB_Practise_Enterprise\randcomponenten.SchDoc with Fuse from PPTCFuse.SchLib
Replace Part J1 USBConnector in C:\Users\marie\OneDrive\Documents\GitHub\practice-enterpirse\PCB_Practise_Enterprise\randcomponenten.SchDoc with USBConnector from USBCConnector.SchLib
Update Managed Component J2 From CMP-25680-000021-1[NRPN031PAEN-RC] To CMP-25680-000021-1[NRPN031PAEN-RC] in randcomponenten.SchDoc
Replace Part Q1 p-mosfet in C:\Users\marie\OneDrive\Documents\GitHub\practice-enterpirse\PCB_Practise_Enterprise\randcomponenten.SchDoc with p-mosfet from mosfets.SchLib
Replace Part Q2 n-mosfet in C:\Users\marie\OneDrive\Documents\GitHub\practice-enterpirse\PCB_Practise_Enterprise\randcomponenten.SchDoc with n-mosfet from mosfets.SchLib
Replace Part R2 Resistor10kOhm in C:\Users\marie\OneDrive\Documents\GitHub\practice-enterpirse\PCB_Practise_Enterprise\randcomponenten.SchDoc with Resistor10kOhm from Resistoren.SchLib
Replace Part R3 Resistor100kOhm in C:\Users\marie\OneDrive\Documents\GitHub\practice-enterpirse\PCB_Practise_Enterprise\randcomponenten.SchDoc with Resistor100kOhm from Resistoren.SchLib
Replace Part R4 Resistor10kOhm in C:\Users\marie\OneDrive\Documents\GitHub\practice-enterpirse\PCB_Practise_Enterprise\randcomponenten.SchDoc with Resistor10kOhm from Resistoren.SchLib
Replace Part R5 Resistor22Ohm in C:\Users\marie\OneDrive\Documents\GitHub\practice-enterpirse\PCB_Practise_Enterprise\randcomponenten.SchDoc with Resistor22Ohm from Resistoren.SchLib
Replace Part R6 Resistor10kOhm in C:\Users\marie\OneDrive\Documents\GitHub\practice-enterpirse\PCB_Practise_Enterprise\randcomponenten.SchDoc with Resistor10kOhm from Resistoren.SchLib
Replace Part R7 Resistor10kOhm in C:\Users\marie\OneDrive\Documents\GitHub\practice-enterpirse\PCB_Practise_Enterprise\randcomponenten.SchDoc with Resistor10kOhm from Resistoren.SchLib
Replace Part R8 Resistor22Ohm in C:\Users\marie\OneDrive\Documents\GitHub\practice-enterpirse\PCB_Practise_Enterprise\randcomponenten.SchDoc with Resistor22Ohm from Resistoren.SchLib
Replace Part R9 Resistor10kOhm in C:\Users\marie\OneDrive\Documents\GitHub\practice-enterpirse\PCB_Practise_Enterprise\randcomponenten.SchDoc with Resistor10kOhm from Resistoren.SchLib
Replace Part R10 Resistor22Ohm in C:\Users\marie\OneDrive\Documents\GitHub\practice-enterpirse\PCB_Practise_Enterprise\randcomponenten.SchDoc with Resistor22Ohm from Resistoren.SchLib
Replace Part R11 Resistor10kOhm in C:\Users\marie\OneDrive\Documents\GitHub\practice-enterpirse\PCB_Practise_Enterprise\randcomponenten.SchDoc with Resistor10kOhm from Resistoren.SchLib
Replace Part R12 Resistor10kOhm in C:\Users\marie\OneDrive\Documents\GitHub\practice-enterpirse\PCB_Practise_Enterprise\randcomponenten.SchDoc with Resistor10kOhm from Resistoren.SchLib
Replace Part S1 Button in C:\Users\marie\OneDrive\Documents\GitHub\practice-enterpirse\PCB_Practise_Enterprise\randcomponenten.SchDoc with Button from Button.SchLib
Replace Part U1 SwitchingVoltageRegulator in C:\Users\marie\OneDrive\Documents\GitHub\practice-enterpirse\PCB_Practise_Enterprise\randcomponenten.SchDoc with SwitchingVoltageRegulator from BuckBoostInductorTPS63051RMWR.SchLib
