Replace Part *? Sensor in C:\Users\marie\OneDrive\Documents\GitHub\practice-enterpirse\PCB_Practise_Enterprise\randcomponenten.SchDoc with Sensor from sensor.SchLib
Replace Part *? LCD in C:\Users\marie\OneDrive\Documents\GitHub\practice-enterpirse\PCB_Practise_Enterprise\randcomponenten.SchDoc with LCD from lcd16x02_3V3.SchLib
Replace Part B? Batterijhouder in C:\Users\marie\OneDrive\Documents\GitHub\practice-enterpirse\PCB_Practise_Enterprise\randcomponenten.SchDoc with Batterijhouder from Batterijhouder2xAA.SchLib
Replace Part C? Condensator1ÁF in C:\Users\marie\OneDrive\Documents\GitHub\practice-enterpirse\PCB_Practise_Enterprise\randcomponenten.SchDoc with Condensator1ÁF from Condensatoren.SchLib
Replace Part C? Condensator12pF in C:\Users\marie\OneDrive\Documents\GitHub\practice-enterpirse\PCB_Practise_Enterprise\randcomponenten.SchDoc with Condensator12pF from Condensatoren.SchLib
Replace Part C? Condensator12pF in C:\Users\marie\OneDrive\Documents\GitHub\practice-enterpirse\PCB_Practise_Enterprise\randcomponenten.SchDoc with Condensator12pF from Condensatoren.SchLib
Replace Part C? Condensator0.1ÁF in C:\Users\marie\OneDrive\Documents\GitHub\practice-enterpirse\PCB_Practise_Enterprise\randcomponenten.SchDoc with Condensator0.1ÁF from Condensatoren.SchLib
Replace Part C? Condensator0.1ÁF in C:\Users\marie\OneDrive\Documents\GitHub\practice-enterpirse\PCB_Practise_Enterprise\randcomponenten.SchDoc with Condensator0.1ÁF from Condensatoren.SchLib
Replace Part C? Condensator0.1ÁF in C:\Users\marie\OneDrive\Documents\GitHub\practice-enterpirse\PCB_Practise_Enterprise\randcomponenten.SchDoc with Condensator0.1ÁF from Condensatoren.SchLib
Replace Part C? Condensator0.1ÁF in C:\Users\marie\OneDrive\Documents\GitHub\practice-enterpirse\PCB_Practise_Enterprise\randcomponenten.SchDoc with Condensator0.1ÁF from Condensatoren.SchLib
Replace Part C? Condensator0.1ÁF in C:\Users\marie\OneDrive\Documents\GitHub\practice-enterpirse\PCB_Practise_Enterprise\randcomponenten.SchDoc with Condensator0.1ÁF from Condensatoren.SchLib
Replace Part C? Condensator 10ÁF in C:\Users\marie\OneDrive\Documents\GitHub\practice-enterpirse\PCB_Practise_Enterprise\randcomponenten.SchDoc with Condensator 10ÁF from Condensatoren.SchLib
Replace Part C? Condensator1ÁF in C:\Users\marie\OneDrive\Documents\GitHub\practice-enterpirse\PCB_Practise_Enterprise\randcomponenten.SchDoc with Condensator1ÁF from Condensatoren.SchLib
Replace Part C? Condensator 10ÁF in C:\Users\marie\OneDrive\Documents\GitHub\practice-enterpirse\PCB_Practise_Enterprise\randcomponenten.SchDoc with Condensator 10ÁF from Condensatoren.SchLib
Replace Part D? Laser in C:\Users\marie\OneDrive\Documents\GitHub\practice-enterpirse\PCB_Practise_Enterprise\randcomponenten.SchDoc with Laser from laser.SchLib
Replace Part F? Fuse in C:\Users\marie\OneDrive\Documents\GitHub\practice-enterpirse\PCB_Practise_Enterprise\randcomponenten.SchDoc with Fuse from PPTCFuse.SchLib
Replace Part J? USBConnector in C:\Users\marie\OneDrive\Documents\GitHub\practice-enterpirse\PCB_Practise_Enterprise\randcomponenten.SchDoc with USBConnector from USBCConnector.SchLib
Replace Part Q? p-mosfet in C:\Users\marie\OneDrive\Documents\GitHub\practice-enterpirse\PCB_Practise_Enterprise\randcomponenten.SchDoc with p-mosfet from mosfets.SchLib
Replace Part Q? p-mosfet in C:\Users\marie\OneDrive\Documents\GitHub\practice-enterpirse\PCB_Practise_Enterprise\randcomponenten.SchDoc with p-mosfet from mosfets.SchLib
Replace Part Q? n-mosfet in C:\Users\marie\OneDrive\Documents\GitHub\practice-enterpirse\PCB_Practise_Enterprise\randcomponenten.SchDoc with n-mosfet from mosfets.SchLib
Replace Part R? Resistor10kOhm in C:\Users\marie\OneDrive\Documents\GitHub\practice-enterpirse\PCB_Practise_Enterprise\randcomponenten.SchDoc with Resistor10kOhm from Resistoren.SchLib
Replace Part R? Resistor22Ohm in C:\Users\marie\OneDrive\Documents\GitHub\practice-enterpirse\PCB_Practise_Enterprise\randcomponenten.SchDoc with Resistor22Ohm from Resistoren.SchLib
Replace Part R? Resistor10kOhm in C:\Users\marie\OneDrive\Documents\GitHub\practice-enterpirse\PCB_Practise_Enterprise\randcomponenten.SchDoc with Resistor10kOhm from Resistoren.SchLib
Replace Part R? Resistor22Ohm in C:\Users\marie\OneDrive\Documents\GitHub\practice-enterpirse\PCB_Practise_Enterprise\randcomponenten.SchDoc with Resistor22Ohm from Resistoren.SchLib
Replace Part R? Resistor100kOhm in C:\Users\marie\OneDrive\Documents\GitHub\practice-enterpirse\PCB_Practise_Enterprise\randcomponenten.SchDoc with Resistor100kOhm from Resistoren.SchLib
Replace Part R? Resistor22Ohm in C:\Users\marie\OneDrive\Documents\GitHub\practice-enterpirse\PCB_Practise_Enterprise\randcomponenten.SchDoc with Resistor22Ohm from Resistoren.SchLib
Replace Part R? Resistor100kOhm in C:\Users\marie\OneDrive\Documents\GitHub\practice-enterpirse\PCB_Practise_Enterprise\randcomponenten.SchDoc with Resistor100kOhm from Resistoren.SchLib
Replace Part R? Resistor10kOhm in C:\Users\marie\OneDrive\Documents\GitHub\practice-enterpirse\PCB_Practise_Enterprise\randcomponenten.SchDoc with Resistor10kOhm from Resistoren.SchLib
Replace Part S? Button in C:\Users\marie\OneDrive\Documents\GitHub\practice-enterpirse\PCB_Practise_Enterprise\randcomponenten.SchDoc with Button from Button.SchLib
Replace Part S? Button in C:\Users\marie\OneDrive\Documents\GitHub\practice-enterpirse\PCB_Practise_Enterprise\randcomponenten.SchDoc with Button from Button.SchLib
Replace Part U? SwitchingVoltageRegulator in C:\Users\marie\OneDrive\Documents\GitHub\practice-enterpirse\PCB_Practise_Enterprise\randcomponenten.SchDoc with SwitchingVoltageRegulator from BuckBoostInductorTPS63051RMWR.SchLib
Replace Part U? ATmega32u4 in C:\Users\marie\OneDrive\Documents\GitHub\practice-enterpirse\PCB_Practise_Enterprise\randcomponenten.SchDoc with ATmega32u4 from ATmega32u4.SchLib
Replace Part X? XTAL in C:\Users\marie\OneDrive\Documents\GitHub\practice-enterpirse\PCB_Practise_Enterprise\randcomponenten.SchDoc with XTAL from XTAL_HC49SSDLF-8mHz..SchLib
