Replace Part C8 Condensator1ÁF in C:\Users\marie\OneDrive\Documents\GitHub\practice-enterpirse\PCB_Practise_Enterprise\randcomponenten.SchDoc with Condensator1ÁF from CONDENSATOREN.SchLib
Replace Part C9 Condensator 10ÁF in C:\Users\marie\OneDrive\Documents\GitHub\practice-enterpirse\PCB_Practise_Enterprise\randcomponenten.SchDoc with Condensator 10ÁF from CONDENSATOREN.SchLib
Replace Part C10 Condensator1ÁF in C:\Users\marie\OneDrive\Documents\GitHub\practice-enterpirse\PCB_Practise_Enterprise\randcomponenten.SchDoc with Condensator1ÁF from CONDENSATOREN.SchLib
Replace Part C11 Condensator 10ÁF in C:\Users\marie\OneDrive\Documents\GitHub\practice-enterpirse\PCB_Practise_Enterprise\randcomponenten.SchDoc with Condensator 10ÁF from CONDENSATOREN.SchLib
Replace Part D2 SchottkyDiode in C:\Users\marie\OneDrive\Documents\GitHub\practice-enterpirse\PCB_Practise_Enterprise\randcomponenten.SchDoc with SchottkyDiode from DIODES.SchLib
Replace Part F1 Fuse in C:\Users\marie\OneDrive\Documents\GitHub\practice-enterpirse\PCB_Practise_Enterprise\randcomponenten.SchDoc with Fuse from PPTCFuse.SchLib
Replace Part J1 USBConnector in C:\Users\marie\OneDrive\Documents\GitHub\practice-enterpirse\PCB_Practise_Enterprise\randcomponenten.SchDoc with USBConnector from USBCConnector.SchLib
Update Managed Component J2 From CMP-25680-000021-1[NRPN031PAEN-RC] To CMP-25680-000021-1[NRPN031PAEN-RC] in randcomponenten.SchDoc
Replace Part R2 Resistor10kOhm in C:\Users\marie\OneDrive\Documents\GitHub\practice-enterpirse\PCB_Practise_Enterprise\randcomponenten.SchDoc with Resistor10kOhm from Resistoren.SchLib
Replace Part R3 Resistor100kOhm in C:\Users\marie\OneDrive\Documents\GitHub\practice-enterpirse\PCB_Practise_Enterprise\randcomponenten.SchDoc with Resistor100kOhm from Resistoren.SchLib
Replace Part R4 Resistor10kOhm in C:\Users\marie\OneDrive\Documents\GitHub\practice-enterpirse\PCB_Practise_Enterprise\randcomponenten.SchDoc with Resistor10kOhm from Resistoren.SchLib
Replace Part R5 Resistor22Ohm in C:\Users\marie\OneDrive\Documents\GitHub\practice-enterpirse\PCB_Practise_Enterprise\randcomponenten.SchDoc with Resistor22Ohm from Resistoren.SchLib
Replace Part R6 Resistor10kOhm in C:\Users\marie\OneDrive\Documents\GitHub\practice-enterpirse\PCB_Practise_Enterprise\randcomponenten.SchDoc with Resistor10kOhm from Resistoren.SchLib
Replace Part R7 Resistor10kOhm in C:\Users\marie\OneDrive\Documents\GitHub\practice-enterpirse\PCB_Practise_Enterprise\randcomponenten.SchDoc with Resistor10kOhm from Resistoren.SchLib
Replace Part R8 Resistor22Ohm in C:\Users\marie\OneDrive\Documents\GitHub\practice-enterpirse\PCB_Practise_Enterprise\randcomponenten.SchDoc with Resistor22Ohm from Resistoren.SchLib
Replace Part R9 Resistor10kOhm in C:\Users\marie\OneDrive\Documents\GitHub\practice-enterpirse\PCB_Practise_Enterprise\randcomponenten.SchDoc with Resistor10kOhm from Resistoren.SchLib
Replace Part R10 Resistor22Ohm in C:\Users\marie\OneDrive\Documents\GitHub\practice-enterpirse\PCB_Practise_Enterprise\randcomponenten.SchDoc with Resistor22Ohm from Resistoren.SchLib
Replace Part R11 Resistor10kOhm in C:\Users\marie\OneDrive\Documents\GitHub\practice-enterpirse\PCB_Practise_Enterprise\randcomponenten.SchDoc with Resistor10kOhm from Resistoren.SchLib
Replace Part R12 Resistor10kOhm in C:\Users\marie\OneDrive\Documents\GitHub\practice-enterpirse\PCB_Practise_Enterprise\randcomponenten.SchDoc with Resistor10kOhm from Resistoren.SchLib
Replace Part R13 Resistor10kOhm in C:\Users\marie\OneDrive\Documents\GitHub\practice-enterpirse\PCB_Practise_Enterprise\randcomponenten.SchDoc with Resistor10kOhm from Resistoren.SchLib
Replace Part SW1 Button in C:\Users\marie\OneDrive\Documents\GitHub\practice-enterpirse\PCB_Practise_Enterprise\randcomponenten.SchDoc with Button from METEN.SchLib
Replace Part SW2 Button in C:\Users\marie\OneDrive\Documents\GitHub\practice-enterpirse\PCB_Practise_Enterprise\randcomponenten.SchDoc with Button from METEN.SchLib
